#
# There is insufficient memory for the Java Runtime Environment to continue.
# Native memory allocation (malloc) failed to allocate 1048576 bytes for AllocateHeap
# Possible reasons:
#   The system is out of physical RAM or swap space
#   In 32 bit mode, the process size limit was hit
# Possible solutions:
#   Reduce memory load on the system
#   Increase physical memory or swap space
#   Check if swap backing store is full
#   Use 64 bit Java on a 64 bit OS
#   Decrease Java heap size (-Xmx/-Xms)
#   Decrease number of Java threads
#   Decrease Java thread stack sizes (-Xss)
#   Set larger code cache with -XX:ReservedCodeCacheSize=
# This output file may be truncated or incomplete.
#
#  Out of Memory Error (memory/allocation.inline.hpp:61), pid=14544, tid=0x0000000000003d4c
#
# JRE version:  (8.0_144-b01) (build )
# Java VM: Java HotSpot(TM) 64-Bit Server VM (25.144-b01 mixed mode windows-amd64 compressed oops)
# Failed to write core dump. Minidumps are not enabled by default on client versions of Windows
#

---------------  T H R E A D  ---------------

Current thread (0x0000000004840800):  JavaThread "Unknown thread" [_thread_in_vm, id=15692, stack(0x0000000004730000,0x0000000004830000)]

Stack: [0x0000000004730000,0x0000000004830000]
[error occurred during error reporting (printing stack bounds), id 0xc0000005]

Native frames: (J=compiled Java code, j=interpreted, Vv=VM code, C=native code)


---------------  P R O C E S S  ---------------

Java Threads: ( => current thread )

Other Threads:

=>0x0000000004840800 (exited) JavaThread "Unknown thread" [_thread_in_vm, id=15692, stack(0x0000000004730000,0x0000000004830000)]

VM state:not at safepoint (normal execution)

VM Mutex/Monitor currently owned by a thread: None

Heap:
 PSYoungGen      total 38400K, used 665K [0x00000000d5f80000, 0x00000000d8a00000, 0x0000000100000000)
  eden space 33280K, 2% used [0x00000000d5f80000,0x00000000d6026670,0x00000000d8000000)
  from space 5120K, 0% used [0x00000000d8500000,0x00000000d8500000,0x00000000d8a00000)
  to   space 5120K, 0% used [0x00000000d8000000,0x00000000d8000000,0x00000000d8500000)
 ParOldGen       total 87552K, used 0K [0x0000000081e00000, 0x0000000087380000, 0x00000000d5f80000)
  object space 87552K, 0% used [0x0000000081e00000,0x0000000081e00000,0x0000000087380000)
 Metaspace       used 770K, capacity 4480K, committed 4480K, reserved 1056768K
  class space    used 75K, capacity 384K, committed 384K, reserved 1048576K

Card table byte_map: [0x0000000013d00000,0x0000000014100000] byte_map_base: 0x00000000138f1000

Marking Bits: (ParMarkBitMap*) 0x000000005614d850
 Begin Bits: [0x0000000014bb0000, 0x0000000016b38000)
 End Bits:   [0x0000000016b38000, 0x0000000018ac0000)

Polling page: 0x0000000002920000

CodeCache: size=245760Kb used=328Kb max_used=328Kb free=245431Kb
 bounds [0x0000000004940000, 0x0000000004bb0000, 0x0000000013940000]
 total_blobs=58 nmethods=0 adapters=38
 compilation: enabled

Compilation events (0 events):
No events

GC Heap History (0 events):
No events

Deoptimization events (0 events):
No events

Internal exceptions (0 events):
No events

Events (10 events):
Event: 0.024 loading class java/lang/Short
Event: 0.024 loading class java/lang/Short done
Event: 0.024 loading class java/lang/Integer
Event: 0.024 loading class java/lang/Integer done
Event: 0.024 loading class java/lang/Long
Event: 0.024 loading class java/lang/Long done
Event: 0.025 loading class java/lang/NullPointerException
Event: 0.025 loading class java/lang/NullPointerException done
Event: 0.025 loading class java/lang/ArithmeticException
Event: 0.025 loading class java/lang/ArithmeticException done


Dynamic libraries:
0x00007ff76d660000 - 0x00007ff76d697000 	C:\Program Files\Java\jdk1.8.0_144\bin\java.exe
0x00007ffae1fc0000 - 0x00007ffae21a0000 	C:\WINDOWS\SYSTEM32\ntdll.dll
0x00007ffae1ed0000 - 0x00007ffae1f7e000 	C:\WINDOWS\System32\KERNEL32.DLL
0x00007ffade460000 - 0x00007ffade6c6000 	C:\WINDOWS\System32\KERNELBASE.dll
0x00007ffadfe80000 - 0x00007ffadff21000 	C:\WINDOWS\System32\ADVAPI32.dll
0x00007ffae03e0000 - 0x00007ffae047d000 	C:\WINDOWS\System32\msvcrt.dll
0x00007ffadf7c0000 - 0x00007ffadf81b000 	C:\WINDOWS\System32\sechost.dll
0x00007ffadf8b0000 - 0x00007ffadf9cf000 	C:\WINDOWS\System32\RPCRT4.dll
0x00007ffadfbb0000 - 0x00007ffadfd3f000 	C:\WINDOWS\System32\USER32.dll
0x00007ffade920000 - 0x00007ffade940000 	C:\WINDOWS\System32\win32u.dll
0x00007ffadfd50000 - 0x00007ffadfd78000 	C:\WINDOWS\System32\GDI32.dll
0x00007ffade940000 - 0x00007ffadead3000 	C:\WINDOWS\System32\gdi32full.dll
0x00007ffade3c0000 - 0x00007ffade45b000 	C:\WINDOWS\System32\msvcp_win.dll
0x00007ffadf2e0000 - 0x00007ffadf3d6000 	C:\WINDOWS\System32\ucrtbase.dll
0x00007ffacd340000 - 0x00007ffacd5a9000 	C:\WINDOWS\WinSxS\amd64_microsoft.windows.common-controls_6595b64144ccf1df_6.0.16299.125_none_15cbcf8893620c09\COMCTL32.dll
0x00007ffadf490000 - 0x00007ffadf798000 	C:\WINDOWS\System32\combase.dll
0x00007ffade6d0000 - 0x00007ffade742000 	C:\WINDOWS\System32\bcryptPrimitives.dll
0x00007ffadf820000 - 0x00007ffadf84d000 	C:\WINDOWS\System32\IMM32.DLL
0x0000000055850000 - 0x0000000055922000 	C:\Program Files\Java\jdk1.8.0_144\jre\bin\msvcr100.dll
0x0000000055930000 - 0x00000000561cd000 	C:\Program Files\Java\jdk1.8.0_144\jre\bin\server\jvm.dll
0x00007ffae1f80000 - 0x00007ffae1f88000 	C:\WINDOWS\System32\PSAPI.DLL
0x00007ffadd210000 - 0x00007ffadd219000 	C:\WINDOWS\SYSTEM32\WSOCK32.dll
0x00007ffad8d40000 - 0x00007ffad8d63000 	C:\WINDOWS\SYSTEM32\WINMM.dll
0x00007ffae0a20000 - 0x00007ffae0a8c000 	C:\WINDOWS\System32\WS2_32.dll
0x00007ffad8dc0000 - 0x00007ffad8dca000 	C:\WINDOWS\SYSTEM32\VERSION.dll
0x00007ffad8d10000 - 0x00007ffad8d3a000 	C:\WINDOWS\SYSTEM32\winmmbase.dll
0x00007ffadf290000 - 0x00007ffadf2da000 	C:\WINDOWS\System32\cfgmgr32.dll
0x0000000055800000 - 0x000000005580f000 	C:\Program Files\Java\jdk1.8.0_144\jre\bin\verify.dll
0x00000000557d0000 - 0x00000000557f9000 	C:\Program Files\Java\jdk1.8.0_144\jre\bin\java.dll
0x00000000557b0000 - 0x00000000557c6000 	C:\Program Files\Java\jdk1.8.0_144\jre\bin\zip.dll

VM Arguments:
jvm_args: -Dfile.encoding=UTF-8 
java_command: Student.Main.Student
java_class_path (initial): D:\mysql\mysql-connector-java-5.1.45-bin.jar;D:\java\Student\build\classes
Launcher Type: SUN_STANDARD

Environment Variables:
JAVA_HOME=C:\Program Files\Java\jdk1.8.0_144
PATH=C:\ProgramData\Oracle\Java\javapath;C:\Windows\system32;C:\Windows;C:\Windows\System32\Wbem;C:\Windows\System32\WindowsPowerShell\v1.0\;C:\Program Files (x86)\NVIDIA Corporation\PhysX\Common;C:\Program Files\Git\cmd;C:\Program Files\Microsoft SQL Server\Client SDK\ODBC\130\Tools\Binn\;C:\Program Files (x86)\Microsoft SQL Server\140\Tools\Binn\;C:\Program Files\Microsoft SQL Server\140\Tools\Binn\;C:\Program Files\Microsoft SQL Server\140\DTS\Binn\;C:\Program Files\Microsoft SQL Server\Client SDK\ODBC\110\Tools\Binn\;C:\Program Files (x86)\Microsoft SQL Server\120\Tools\Binn\;C:\Program Files\Microsoft SQL Server\120\Tools\Binn\;C:\Program Files\Microsoft SQL Server\120\DTS\Binn\;C:\Program Files (x86)\Microsoft SQL Server\120\Tools\Binn\ManagementStudio\;C:\Program Files (x86)\Microsoft SQL Server\120\DTS\Binn\;C:\Program Files\nodejs\;%SystemRoot%\system32;%SystemRoot%;%SystemRoot%\System32\Wbem;%SYSTEMROOT%\System32\WindowsPowerShell\v1.0\;C:\Users\Admin\AppData\Local\Microsoft\WindowsApps;C:\Users\Admin\AppData\Local\Google\Cloud SDK\google-cloud-sdk\bin;C:\Users\Admin\AppData\Roaming\npm;
USERNAME=Admin
OS=Windows_NT
PROCESSOR_IDENTIFIER=Intel64 Family 6 Model 94 Stepping 3, GenuineIntel



---------------  S Y S T E M  ---------------

OS: Windows 10.0 , 64 bit Build 16299 (10.0.16299.15)

CPU:total 8 (initial active 8) (4 cores per cpu, 2 threads per core) family 6 model 94 stepping 3, cmov, cx8, fxsr, mmx, sse, sse2, sse3, ssse3, sse4.1, sse4.2, popcnt, avx, avx2, aes, clmul, erms, rtm, 3dnowpref, lzcnt, ht, tsc, tscinvbit, bmi1, bmi2, adx

Memory: 4k page, physical 8258520k(2121388k free), swap 8258520k(5884k free)

vm_info: Java HotSpot(TM) 64-Bit Server VM (25.144-b01) for windows-amd64 JRE (1.8.0_144-b01), built on Jul 21 2017 21:57:33 by "java_re" with MS VC++ 10.0 (VS2010)

time: Tue Jan 23 15:48:48 2018
elapsed time: 0 seconds (0d 0h 0m 0s)

